Summary of SPARK analysis
=========================

---------------------------------------------------------------------------------------------------------
SPARK Analysis results        Total        Flow   Interval   CodePeer      Provers   Justified   Unproved
---------------------------------------------------------------------------------------------------------
Data Dependencies                16          16          .          .            .           .          .
Flow Dependencies                 .           .          .          .            .           .          .
Initialization                    .           .          .          .            .           .          .
Non-Aliasing                      .           .          .          .            .           .          .
Run-time Checks                  15           .          .          .    15 (CVC4)           .          .
Assertions                        .           .          .          .            .           .          .
Functional Contracts             30           .          .          .    30 (CVC4)           .          .
LSP Verification                  .           .          .          .            .           .          .
---------------------------------------------------------------------------------------------------------
Total                            61    16 (26%)          .          .     45 (74%)           .          .


max steps used for successful proof: 1

Analyzed 3 units
in unit main, 0 subprograms and packages out of 1 analyzed
  Main at main.adb:4 skipped
in unit reactor, 5 subprograms and packages out of 5 analyzed
  reactor at reactor.ads:2 flow analyzed (0 errors, 0 checks and 0 warnings) and proved (0 checks)
  reactor.IsOverHeated at reactor.ads:31 flow analyzed (0 errors, 0 checks and 0 warnings) and proved (0 checks)
  reactor.ReactorDecrease at reactor.ads:50 flow analyzed (0 errors, 0 checks and 0 warnings) and proved (2 checks)
  reactor.ReactorIncrease at reactor.ads:43 flow analyzed (0 errors, 0 checks and 0 warnings) and proved (3 checks)
  reactor.SetReactor at reactor.ads:85 flow analyzed (0 errors, 0 checks and 0 warnings) and proved (0 checks)
in unit train, 17 subprograms and packages out of 17 analyzed
  Train at train.ads:1 flow analyzed (0 errors, 0 checks and 0 warnings) and proved (0 checks)
  Train.AddRod at train.ads:47 flow analyzed (0 errors, 0 checks and 0 warnings) and proved (4 checks)
  Train.AttachCarriage at train.ads:60 flow analyzed (0 errors, 0 checks and 0 warnings) and proved (2 checks)
  Train.CarriageCheck at train.ads:116 flow analyzed (0 errors, 0 checks and 0 warnings) and proved (5 checks)
  Train.DetachCarriage at train.ads:66 flow analyzed (0 errors, 0 checks and 0 warnings) and proved (2 checks)
  Train.ReactorHeatLimitCheck at train.ads:98 flow analyzed (0 errors, 0 checks and 0 warnings) and proved (1 checks)
  Train.ReactorStatusCheck at train.ads:104 flow analyzed (0 errors, 0 checks and 0 warnings) and proved (1 checks)
  Train.RemoveRod at train.ads:53 flow analyzed (0 errors, 0 checks and 0 warnings) and proved (4 checks)
  Train.SpeedCheck at train.ads:124 flow analyzed (0 errors, 0 checks and 0 warnings) and proved (10 checks)
  Train.StartEngine at train.ads:91 flow analyzed (0 errors, 0 checks and 0 warnings) and proved (1 checks)
  Train.StartIncrement at train.ads:144 flow analyzed (0 errors, 0 checks and 0 warnings) and proved (1 checks)
  Train.StartTrain at train.ads:79 flow analyzed (0 errors, 0 checks and 0 warnings) and proved (1 checks)
  Train.StopEngine at train.ads:85 flow analyzed (0 errors, 0 checks and 0 warnings) and proved (1 checks)
  Train.StopIncrement at train.ads:150 flow analyzed (0 errors, 0 checks and 0 warnings) and proved (1 checks)
  Train.StopTrain at train.ads:73 flow analyzed (0 errors, 0 checks and 0 warnings) and proved (1 checks)
  Train.TemepratureIncrement at train.ads:138 flow analyzed (0 errors, 0 checks and 0 warnings) and proved (2 checks)
  Train.WaterLevelCheck at train.ads:110 flow analyzed (0 errors, 0 checks and 0 warnings) and proved (3 checks)
